#
# There is insufficient memory for the Java Runtime Environment to continue.
# Native memory allocation (mmap) failed to map 157810688 bytes for committing reserved memory.
# Possible reasons:
#   The system is out of physical RAM or swap space
#   In 32 bit mode, the process size limit was hit
# Possible solutions:
#   Reduce memory load on the system
#   Increase physical memory or swap space
#   Check if swap backing store is full
#   Use 64 bit Java on a 64 bit OS
#   Decrease Java heap size (-Xmx/-Xms)
#   Decrease number of Java threads
#   Decrease Java thread stack sizes (-Xss)
#   Set larger code cache with -XX:ReservedCodeCacheSize=
# This output file may be truncated or incomplete.
#
#  Out of Memory Error (os_linux.cpp:2640), pid=425, tid=0x00007f20e827f700
#
# JRE version: Java(TM) SE Runtime Environment (8.0_181-b13) (build 1.8.0_181-b13)
# Java VM: Java HotSpot(TM) 64-Bit Server VM (25.181-b13 mixed mode linux-amd64 compressed oops)
# Failed to write core dump. Core dumps have been disabled. To enable core dumping, try "ulimit -c unlimited" before starting Java again
#

---------------  T H R E A D  ---------------

Current thread (0x00007f2100080000):  VMThread [stack: 0x00007f20e8180000,0x00007f20e8280000] [id=441]

Stack: [0x00007f20e8180000,0x00007f20e8280000],  sp=0x00007f20e827e040,  free space=1016k
Native frames: (J=compiled Java code, j=interpreted, Vv=VM code, C=native code)
V  [libjvm.so+0xad21aa]  VMError::report_and_die()+0x2ba
V  [libjvm.so+0x5022db]  report_vm_out_of_memory(char const*, int, unsigned long, VMErrorType, char const*)+0x8b
V  [libjvm.so+0x92fe33]  os::Linux::commit_memory_impl(char*, unsigned long, bool)+0x123
V  [libjvm.so+0x930059]  os::pd_commit_memory(char*, unsigned long, unsigned long, bool)+0x29
V  [libjvm.so+0x9272ba]  os::commit_memory(char*, unsigned long, unsigned long, bool)+0x2a
V  [libjvm.so+0x99d2e3]  PSVirtualSpace::expand_by(unsigned long)+0x53
V  [libjvm.so+0x99e6e8]  PSYoungGen::resize_generation(unsigned long, unsigned long)+0xf8
V  [libjvm.so+0x99d842]  PSYoungGen::resize(unsigned long, unsigned long)+0x22
V  [libjvm.so+0x99ab1b]  PSScavenge::invoke_no_policy()+0xf3b
V  [libjvm.so+0x99b2a1]  PSScavenge::invoke()+0x41
V  [libjvm.so+0x951d70]  ParallelScavengeHeap::failed_mem_allocate(unsigned long)+0x70
V  [libjvm.so+0xad3c27]  VM_ParallelGCFailedAllocation::doit()+0x97
V  [libjvm.so+0xadb745]  VM_Operation::evaluate()+0x55
V  [libjvm.so+0xad9b0a]  VMThread::evaluate_operation(VM_Operation*)+0xba
V  [libjvm.so+0xad9e8e]  VMThread::loop()+0x1ce
V  [libjvm.so+0xada300]  VMThread::run()+0x70
V  [libjvm.so+0x930198]  java_start(Thread*)+0x108

VM_Operation (0x00007f20d1bbb270): ParallelGCFailedAllocation, mode: safepoint, requested by thread 0x00007f2098003000


---------------  P R O C E S S  ---------------

Java Threads: ( => current thread )
  0x00007f208cc2e000 JavaThread "Live Reload Server" daemon [_thread_in_native, id=494, stack(0x00007f208adfa000,0x00007f208aefb000)]
  0x00007f208cc2a000 JavaThread "File Watcher" daemon [_thread_blocked, id=492, stack(0x00007f208aefb000,0x00007f208affc000)]
  0x00007f20b4010000 JavaThread "SimplePauseDetectorThread_0" daemon [_thread_blocked, id=491, stack(0x00007f208b3fc000,0x00007f208b4fd000)]
  0x00007f20b4006000 JavaThread "Thread-9" daemon [_thread_blocked, id=490, stack(0x00007f208b4fd000,0x00007f208b5fe000)]
  0x00007f208c5c3800 JavaThread "container-0" [_thread_blocked, id=489, stack(0x00007f208b5fe000,0x00007f208b6ff000)]
  0x00007f208c5be800 JavaThread "ContainerBackgroundProcessor[StandardEngine[Tomcat]]" daemon [_thread_blocked, id=488, stack(0x00007f208b6ff000,0x00007f208b800000)]
  0x00007f20840ce000 JavaThread "spring.cloud.inetutils" daemon [_thread_blocked, id=487, stack(0x00007f20d00e7000,0x00007f20d01e8000)]
  0x00007f2090283800 JavaThread "localhost-startStop-1" daemon [_thread_blocked, id=486, stack(0x00007f20d142c000,0x00007f20d152d000)]
  0x00007f208cac1000 JavaThread "Tomcat-startStop-1" daemon [_thread_blocked, id=485, stack(0x00007f20d19c2000,0x00007f20d1ac3000)]
  0x00007f2098003000 JavaThread "restartedMain" [_thread_blocked, id=476, stack(0x00007f20d1ac3000,0x00007f20d1bc4000)]
  0x00007f2100c59000 JavaThread "Thread-2" [_thread_blocked, id=475, stack(0x00007f20d1bc4000,0x00007f20d1cc5000)]
  0x00007f20a0010000 JavaThread "JMX server connection timeout 16" daemon [_thread_blocked, id=472, stack(0x00007f20d1ec5000,0x00007f20d1fc6000)]
  0x00007f20b8001800 JavaThread "RMI TCP Connection(2)-127.0.0.1" daemon [_thread_blocked, id=471, stack(0x00007f20d1fec000,0x00007f20d20ed000)]
  0x00007f20a8007800 JavaThread "RMI Scheduler(0)" daemon [_thread_blocked, id=469, stack(0x00007f20d20ed000,0x00007f20d21ee000)]
  0x00007f20ac001800 JavaThread "RMI TCP Connection(idle)" daemon [_thread_blocked, id=468, stack(0x00007f20d21ee000,0x00007f20d22ef000)]
  0x00007f2100795800 JavaThread "RMI TCP Accept-0" daemon [_thread_in_native, id=466, stack(0x00007f20d23f0000,0x00007f20d24f1000)]
  0x00007f2100780000 JavaThread "RMI TCP Accept-45325" daemon [_thread_in_native, id=465, stack(0x00007f20d24f1000,0x00007f20d25f2000)]
  0x00007f2100764800 JavaThread "RMI TCP Accept-0" daemon [_thread_in_native, id=464, stack(0x00007f20d25f2000,0x00007f20d26f3000)]
  0x00007f21000da800 JavaThread "Service Thread" daemon [_thread_blocked, id=448, stack(0x00007f20d302b000,0x00007f20d312c000)]
  0x00007f21000c5800 JavaThread "C1 CompilerThread2" daemon [_thread_blocked, id=447, stack(0x00007f20d312d000,0x00007f20d322d000)]
  0x00007f21000c3800 JavaThread "C2 CompilerThread1" daemon [_thread_blocked, id=446, stack(0x00007f20d322e000,0x00007f20d332e000)]
  0x00007f21000c0800 JavaThread "C2 CompilerThread0" daemon [_thread_blocked, id=445, stack(0x00007f20d332f000,0x00007f20d342f000)]
  0x00007f21000bf000 JavaThread "Signal Dispatcher" daemon [_thread_blocked, id=444, stack(0x00007f20d342f000,0x00007f20d3530000)]
  0x00007f210008c800 JavaThread "Finalizer" daemon [_thread_blocked, id=443, stack(0x00007f20d3eff000,0x00007f20d4000000)]
  0x00007f210008a000 JavaThread "Reference Handler" daemon [_thread_blocked, id=442, stack(0x00007f20e807e000,0x00007f20e817f000)]
  0x00007f2100012000 JavaThread "main" [_thread_blocked, id=436, stack(0x00007f2108c01000,0x00007f2108d01000)]

Other Threads:
=>0x00007f2100080000 VMThread [stack: 0x00007f20e8180000,0x00007f20e8280000] [id=441]
  0x00007f210079a800 WatcherThread [stack: 0x00007f20d22f0000,0x00007f20d23f0000] [id=467]

VM state:at safepoint (normal execution)

VM Mutex/Monitor currently owned by a thread:  ([mutex/lock_event])
[0x00007f210000e6d0] Threads_lock - owner thread: 0x00007f2100080000
[0x00007f210000ebd0] Heap_lock - owner thread: 0x00007f2098003000

Heap:
 PSYoungGen      total 318976K, used 15848K [0x00000000d7000000, 0x00000000eb700000, 0x0000000100000000)
  eden space 303104K, 0% used [0x00000000d7000000,0x00000000d7000000,0x00000000e9800000)
  from space 15872K, 99% used [0x00000000e9800000,0x00000000ea77a3a0,0x00000000ea780000)
  to   space 12800K, 0% used [0x00000000eaa80000,0x00000000eaa80000,0x00000000eb700000)
 ParOldGen       total 70144K, used 29151K [0x0000000085000000, 0x0000000089480000, 0x00000000d7000000)
  object space 70144K, 41% used [0x0000000085000000,0x0000000086c77d48,0x0000000089480000)
 Metaspace       used 43230K, capacity 45652K, committed 45952K, reserved 1089536K
  class space    used 5985K, capacity 6440K, committed 6528K, reserved 1048576K

Card table byte_map: [0x00007f21054fa000,0x00007f21058d3000] byte_map_base: 0x00007f21050d2000

Marking Bits: (ParMarkBitMap*) 0x00007f21080a60a0
 Begin Bits: [0x00007f20e8280000, 0x00007f20ea140000)
 End Bits:   [0x00007f20ea140000, 0x00007f20ec000000)

Polling page: 0x00007f2108d23000

CodeCache: size=245760Kb used=9753Kb max_used=9753Kb free=236006Kb
 bounds [0x00007f20f1000000, 0x00007f20f1990000, 0x00007f2100000000]
 total_blobs=5189 nmethods=4712 adapters=390
 compilation: enabled

Compilation events (10 events):
Event: 38.457 Thread 0x00007f21000c5800 4774   !   1       sun.misc.ProxyGenerator::generateClassFile (680 bytes)
Event: 38.477 Thread 0x00007f21000c5800 nmethod 4774 0x00007f20f1980ed0 code [0x00007f20f19815a0, 0x00007f20f19837b8]
Event: 38.477 Thread 0x00007f21000c5800 4776       1       ch.qos.logback.core.pattern.DynamicConverter::getFirstOption (35 bytes)
Event: 38.477 Thread 0x00007f21000c5800 nmethod 4776 0x00007f20f1986310 code [0x00007f20f1986480, 0x00007f20f1986658]
Event: 38.477 Thread 0x00007f21000c5800 4775       1       com.fasterxml.jackson.databind.SerializationFeature::getMask (5 bytes)
Event: 38.478 Thread 0x00007f21000c5800 nmethod 4775 0x00007f20f1986710 code [0x00007f20f1986860, 0x00007f20f1986970]
Event: 38.828 Thread 0x00007f21000c5800 4777       1       java.io.ObjectInputStream::readLong (8 bytes)
Event: 38.828 Thread 0x00007f21000c5800 nmethod 4777 0x00007f20f19869d0 code [0x00007f20f1986b40, 0x00007f20f1986c88]
Event: 38.828 Thread 0x00007f21000c5800 4778       1       java.io.ObjectInputStream$BlockDataInputStream::readLong (76 bytes)
Event: 38.828 Thread 0x00007f21000c5800 nmethod 4778 0x00007f20f1986d50 code [0x00007f20f1986ee0, 0x00007f20f19870a8]

GC Heap History (10 events):
Event: 20.380 GC heap after
Heap after GC invocations=8 (full 1):
 PSYoungGen      total 131584K, used 8996K [0x00000000d7000000, 0x00000000e4c80000, 0x0000000100000000)
  eden space 121344K, 0% used [0x00000000d7000000,0x00000000d7000000,0x00000000de680000)
  from space 10240K, 87% used [0x00000000de680000,0x00000000def491d0,0x00000000df080000)
  to   space 10752K, 0% used [0x00000000e4200000,0x00000000e4200000,0x00000000e4c80000)
 ParOldGen       total 49152K, used 7317K [0x0000000085000000, 0x0000000088000000, 0x00000000d7000000)
  object space 49152K, 14% used [0x0000000085000000,0x00000000857255d8,0x0000000088000000)
 Metaspace       used 26732K, capacity 27822K, committed 28032K, reserved 1073152K
  class space    used 3602K, capacity 3857K, committed 3968K, reserved 1048576K
}
Event: 24.461 GC heap before
{Heap before GC invocations=9 (full 1):
 PSYoungGen      total 131584K, used 130340K [0x00000000d7000000, 0x00000000e4c80000, 0x0000000100000000)
  eden space 121344K, 100% used [0x00000000d7000000,0x00000000de680000,0x00000000de680000)
  from space 10240K, 87% used [0x00000000de680000,0x00000000def491d0,0x00000000df080000)
  to   space 10752K, 0% used [0x00000000e4200000,0x00000000e4200000,0x00000000e4c80000)
 ParOldGen       total 49152K, used 7317K [0x0000000085000000, 0x0000000088000000, 0x00000000d7000000)
  object space 49152K, 14% used [0x0000000085000000,0x00000000857255d8,0x0000000088000000)
 Metaspace       used 30295K, capacity 31468K, committed 31616K, reserved 1077248K
  class space    used 4133K, capacity 4404K, committed 4480K, reserved 1048576K
Event: 25.050 GC heap after
Heap after GC invocations=9 (full 1):
 PSYoungGen      total 212992K, used 10724K [0x00000000d7000000, 0x00000000e6800000, 0x0000000100000000)
  eden space 202240K, 0% used [0x00000000d7000000,0x00000000d7000000,0x00000000e3580000)
  from space 10752K, 99% used [0x00000000e4200000,0x00000000e4c793f8,0x00000000e4c80000)
  to   space 12800K, 0% used [0x00000000e3580000,0x00000000e3580000,0x00000000e4200000)
 ParOldGen       total 49152K, used 8765K [0x0000000085000000, 0x0000000088000000, 0x00000000d7000000)
  object space 49152K, 17% used [0x0000000085000000,0x000000008588f648,0x0000000088000000)
 Metaspace       used 30295K, capacity 31468K, committed 31616K, reserved 1077248K
  class space    used 4133K, capacity 4404K, committed 4480K, reserved 1048576K
}
Event: 27.135 GC heap before
{Heap before GC invocations=10 (full 1):
 PSYoungGen      total 212992K, used 70113K [0x00000000d7000000, 0x00000000e6800000, 0x0000000100000000)
  eden space 202240K, 29% used [0x00000000d7000000,0x00000000da9ff040,0x00000000e3580000)
  from space 10752K, 99% used [0x00000000e4200000,0x00000000e4c793f8,0x00000000e4c80000)
  to   space 12800K, 0% used [0x00000000e3580000,0x00000000e3580000,0x00000000e4200000)
 ParOldGen       total 49152K, used 8765K [0x0000000085000000, 0x0000000088000000, 0x00000000d7000000)
  object space 49152K, 17% used [0x0000000085000000,0x000000008588f648,0x0000000088000000)
 Metaspace       used 33812K, capacity 35322K, committed 35456K, reserved 1079296K
  class space    used 4607K, capacity 4915K, committed 4992K, reserved 1048576K
Event: 27.157 GC heap after
Heap after GC invocations=10 (full 1):
 PSYoungGen      total 215040K, used 12788K [0x00000000d7000000, 0x00000000eba00000, 0x0000000100000000)
  eden space 202240K, 0% used [0x00000000d7000000,0x00000000d7000000,0x00000000e3580000)
  from space 12800K, 99% used [0x00000000e3580000,0x00000000e41fd3e0,0x00000000e4200000)
  to   space 15872K, 0% used [0x00000000eaa80000,0x00000000eaa80000,0x00000000eba00000)
 ParOldGen       total 49152K, used 13188K [0x0000000085000000, 0x0000000088000000, 0x00000000d7000000)
  object space 49152K, 26% used [0x0000000085000000,0x0000000085ce1340,0x0000000088000000)
 Metaspace       used 33812K, capacity 35322K, committed 35456K, reserved 1079296K
  class space    used 4607K, capacity 4915K, committed 4992K, reserved 1048576K
}
Event: 27.157 GC heap before
{Heap before GC invocations=11 (full 2):
 PSYoungGen      total 215040K, used 12788K [0x00000000d7000000, 0x00000000eba00000, 0x0000000100000000)
  eden space 202240K, 0% used [0x00000000d7000000,0x00000000d7000000,0x00000000e3580000)
  from space 12800K, 99% used [0x00000000e3580000,0x00000000e41fd3e0,0x00000000e4200000)
  to   space 15872K, 0% used [0x00000000eaa80000,0x00000000eaa80000,0x00000000eba00000)
 ParOldGen       total 49152K, used 13188K [0x0000000085000000, 0x0000000088000000, 0x00000000d7000000)
  object space 49152K, 26% used [0x0000000085000000,0x0000000085ce1340,0x0000000088000000)
 Metaspace       used 33812K, capacity 35322K, committed 35456K, reserved 1079296K
  class space    used 4607K, capacity 4915K, committed 4992K, reserved 1048576K
Event: 27.251 GC heap after
Heap after GC invocations=11 (full 2):
 PSYoungGen      total 215040K, used 0K [0x00000000d7000000, 0x00000000eba00000, 0x0000000100000000)
  eden space 202240K, 0% used [0x00000000d7000000,0x00000000d7000000,0x00000000e3580000)
  from space 12800K, 0% used [0x00000000e3580000,0x00000000e3580000,0x00000000e4200000)
  to   space 15872K, 0% used [0x00000000eaa80000,0x00000000eaa80000,0x00000000eba00000)
 ParOldGen       total 70144K, used 21741K [0x0000000085000000, 0x0000000089480000, 0x00000000d7000000)
  object space 70144K, 30% used [0x0000000085000000,0x000000008653b558,0x0000000089480000)
 Metaspace       used 33812K, capacity 35322K, committed 35456K, reserved 1079296K
  class space    used 4607K, capacity 4915K, committed 4992K, reserved 1048576K
}
Event: 30.678 GC heap before
{Heap before GC invocations=12 (full 2):
 PSYoungGen      total 215040K, used 202240K [0x00000000d7000000, 0x00000000eba00000, 0x0000000100000000)
  eden space 202240K, 100% used [0x00000000d7000000,0x00000000e3580000,0x00000000e3580000)
  from space 12800K, 0% used [0x00000000e3580000,0x00000000e3580000,0x00000000e4200000)
  to   space 15872K, 0% used [0x00000000eaa80000,0x00000000eaa80000,0x00000000eba00000)
 ParOldGen       total 70144K, used 21741K [0x0000000085000000, 0x0000000089480000, 0x00000000d7000000)
  object space 70144K, 30% used [0x0000000085000000,0x000000008653b558,0x0000000089480000)
 Metaspace       used 36949K, capacity 38810K, committed 39040K, reserved 1083392K
  class space    used 5075K, capacity 5432K, committed 5504K, reserved 1048576K
Event: 30.717 GC heap after
Heap after GC invocations=12 (full 2):
 PSYoungGen      total 315904K, used 9781K [0x00000000d7000000, 0x00000000eb700000, 0x0000000100000000)
  eden space 303104K, 0% used [0x00000000d7000000,0x00000000d7000000,0x00000000e9800000)
  from space 12800K, 76% used [0x00000000eaa80000,0x00000000eb40d6b8,0x00000000eb700000)
  to   space 15872K, 0% used [0x00000000e9800000,0x00000000e9800000,0x00000000ea780000)
 ParOldGen       total 70144K, used 21749K [0x0000000085000000, 0x0000000089480000, 0x00000000d7000000)
  object space 70144K, 31% used [0x0000000085000000,0x000000008653d558,0x0000000089480000)
 Metaspace       used 36949K, capacity 38810K, committed 39040K, reserved 1083392K
  class space    used 5075K, capacity 5432K, committed 5504K, reserved 1048576K
}
Event: 38.832 GC heap before
{Heap before GC invocations=13 (full 2):
 PSYoungGen      total 315904K, used 312885K [0x00000000d7000000, 0x00000000eb700000, 0x0000000100000000)
  eden space 303104K, 100% used [0x00000000d7000000,0x00000000e9800000,0x00000000e9800000)
  from space 12800K, 76% used [0x00000000eaa80000,0x00000000eb40d6b8,0x00000000eb700000)
  to   space 15872K, 0% used [0x00000000e9800000,0x00000000e9800000,0x00000000ea780000)
 ParOldGen       total 70144K, used 21749K [0x0000000085000000, 0x0000000089480000, 0x00000000d7000000)
  object space 70144K, 31% used [0x0000000085000000,0x000000008653d558,0x0000000089480000)
 Metaspace       used 43230K, capacity 45652K, committed 45952K, reserved 1089536K
  class space    used 5985K, capacity 6440K, committed 6528K, reserved 1048576K

Deoptimization events (0 events):
No events

Classes redefined (0 events):
No events

Internal exceptions (10 events):
Event: 34.126 Thread 0x00007f2098003000 Exception <a 'java/lang/ArrayIndexOutOfBoundsException'> (0x00000000e7d655b0) thrown at [/HUDSON/workspace/8-2-build-linux-amd64/jdk8u181/11358/hotspot/src/share/vm/runtime/sharedRuntime.cpp, line 605]
Event: 34.137 Thread 0x00007f2098003000 Exception <a 'java/lang/ClassNotFoundException': java/lang/ObjectCustomizer> (0x00000000e7e5a0c0) thrown at [/HUDSON/workspace/8-2-build-linux-amd64/jdk8u181/11358/hotspot/src/share/vm/classfile/systemDictionary.cpp, line 210]
Event: 34.138 Thread 0x00007f2098003000 Exception <a 'java/lang/ClassNotFoundException': org/springframework/cloud/netflix/eureka/serviceregistry/EurekaRegistrationCustomizer> (0x00000000e7e8a9b8) thrown at [/HUDSON/workspace/8-2-build-linux-amd64/jdk8u181/11358/hotspot/src/share/vm/classfile/s
Event: 34.138 Thread 0x00007f2098003000 Exception <a 'java/lang/ArrayIndexOutOfBoundsException'> (0x00000000e7e8e040) thrown at [/HUDSON/workspace/8-2-build-linux-amd64/jdk8u181/11358/hotspot/src/share/vm/runtime/sharedRuntime.cpp, line 605]
Event: 34.138 Thread 0x00007f2098003000 Exception <a 'java/lang/ArrayIndexOutOfBoundsException'> (0x00000000e7e90a60) thrown at [/HUDSON/workspace/8-2-build-linux-amd64/jdk8u181/11358/hotspot/src/share/vm/runtime/sharedRuntime.cpp, line 605]
Event: 34.138 Thread 0x00007f2098003000 Exception <a 'java/lang/ArrayIndexOutOfBoundsException'> (0x00000000e7e94de0) thrown at [/HUDSON/workspace/8-2-build-linux-amd64/jdk8u181/11358/hotspot/src/share/vm/runtime/sharedRuntime.cpp, line 605]
Event: 34.138 Thread 0x00007f2098003000 Exception <a 'java/lang/ClassNotFoundException': org/springframework/cloud/client/serviceregistry/RegistrationCustomizer> (0x00000000e7ed50c8) thrown at [/HUDSON/workspace/8-2-build-linux-amd64/jdk8u181/11358/hotspot/src/share/vm/classfile/systemDictionar
Event: 34.172 Thread 0x00007f2098003000 Exception <a 'java/lang/ClassNotFoundException': java/lang/ObjectCustomizer> (0x00000000e7f7efc8) thrown at [/HUDSON/workspace/8-2-build-linux-amd64/jdk8u181/11358/hotspot/src/share/vm/classfile/systemDictionary.cpp, line 210]
Event: 34.172 Thread 0x00007f2098003000 Exception <a 'java/lang/ClassNotFoundException': com/netflix/appinfo/ApplicationInfoManagerCustomizer> (0x00000000e7fa1c40) thrown at [/HUDSON/workspace/8-2-build-linux-amd64/jdk8u181/11358/hotspot/src/share/vm/classfile/systemDictionary.cpp, line 210]
Event: 34.173 Thread 0x00007f2098003000 Exception <a 'java/lang/ArrayIndexOutOfBoundsException'> (0x00000000e7fa46c0) thrown at [/HUDSON/workspace/8-2-build-linux-amd64/jdk8u181/11358/hotspot/src/share/vm/runtime/sharedRuntime.cpp, line 605]

Events (10 events):
Event: 38.830 loading class com/thoughtworks/xstream/io/naming/NameCoder done
Event: 38.830 loading class com/thoughtworks/xstream/io/xml/XmlFriendlyNameCoder$1IntPairList
Event: 38.830 loading class com/thoughtworks/xstream/io/xml/XmlFriendlyNameCoder$1IntPairList done
Event: 38.831 loading class com/thoughtworks/xstream/io/xml/XmlFriendlyNameCoder$IntPair
Event: 38.831 loading class com/thoughtworks/xstream/io/xml/XmlFriendlyNameCoder$IntPair done
Event: 38.831 loading class com/thoughtworks/xstream/core/util/CompositeClassLoader
Event: 38.831 loading class com/thoughtworks/xstream/core/util/CompositeClassLoader done
Event: 38.832 loading class com/thoughtworks/xstream/core/JVM
Event: 38.832 loading class com/thoughtworks/xstream/core/JVM done
Event: 38.832 Executing VM operation: ParallelGCFailedAllocation


Dynamic libraries:
00400000-00401000 r-xp 00000000 08:02 2757587                            /usr/lib/jvm/java-8-oracle/bin/java
00600000-00601000 rw-p 00000000 08:02 2757587                            /usr/lib/jvm/java-8-oracle/bin/java
00680000-006a1000 rw-p 00000000 00:00 0                                  [heap]
85000000-89480000 rw-p 00000000 00:00 0 
89480000-d7000000 ---p 00000000 00:00 0 
d7000000-eb700000 rw-p 00000000 00:00 0 
f4d80000-100000000 ---p 00000000 00:00 0 
100000000-100660000 rw-p 00000000 00:00 0 
100660000-140000000 ---p 00000000 00:00 0 
7f2068000000-7f2068021000 rw-p 00000000 00:00 0 
7f2068021000-7f206c000000 ---p 00000000 00:00 0 
7f2070000000-7f2070021000 rw-p 00000000 00:00 0 
7f2070021000-7f2074000000 ---p 00000000 00:00 0 
7f2074000000-7f2074021000 rw-p 00000000 00:00 0 
7f2074021000-7f2078000000 ---p 00000000 00:00 0 
7f2078000000-7f2078021000 rw-p 00000000 00:00 0 
7f2078021000-7f207c000000 ---p 00000000 00:00 0 
7f207c000000-7f207c021000 rw-p 00000000 00:00 0 
7f207c021000-7f2080000000 ---p 00000000 00:00 0 
7f2080000000-7f2080021000 rw-p 00000000 00:00 0 
7f2080021000-7f2084000000 ---p 00000000 00:00 0 
7f2084000000-7f208412b000 rw-p 00000000 00:00 0 
7f208412b000-7f2088000000 ---p 00000000 00:00 0 
7f208a79b000-7f208a81b000 rw-p 00000000 00:00 0 
7f208a81b000-7f208a99b000 ---p 00000000 00:00 0 
7f208a99b000-7f208a9b2000 r-xp 00000000 08:02 4194496                    /lib/x86_64-linux-gnu/libgcc_s.so.1
7f208a9b2000-7f208abb1000 ---p 00017000 08:02 4194496                    /lib/x86_64-linux-gnu/libgcc_s.so.1
7f208abb1000-7f208abb2000 r--p 00016000 08:02 4194496                    /lib/x86_64-linux-gnu/libgcc_s.so.1
7f208abb2000-7f208abb3000 rw-p 00017000 08:02 4194496                    /lib/x86_64-linux-gnu/libgcc_s.so.1
7f208abb3000-7f208abe5000 r-xp 00000000 08:02 3278850                    /usr/lib/jvm/java-8-oracle/jre/lib/amd64/libsunec.so
7f208abe5000-7f208ade4000 ---p 00032000 08:02 3278850                    /usr/lib/jvm/java-8-oracle/jre/lib/amd64/libsunec.so
7f208ade4000-7f208adea000 rw-p 00031000 08:02 3278850                    /usr/lib/jvm/java-8-oracle/jre/lib/amd64/libsunec.so
7f208adea000-7f208adfa000 rw-p 00000000 00:00 0 
7f208adfa000-7f208adfd000 ---p 00000000 00:00 0 
7f208adfd000-7f208aefb000 rw-p 00000000 00:00 0 
7f208aefb000-7f208aefe000 ---p 00000000 00:00 0 
7f208aefe000-7f208b1fc000 rw-p 00000000 00:00 0 
7f208b1fc000-7f208b3fc000 rw-p 00000000 00:00 0 
7f208b3fc000-7f208b3ff000 ---p 00000000 00:00 0 
7f208b3ff000-7f208b4fd000 rw-p 00000000 00:00 0 
7f208b4fd000-7f208b500000 ---p 00000000 00:00 0 
7f208b500000-7f208b5fe000 rw-p 00000000 00:00 0 
7f208b5fe000-7f208b601000 ---p 00000000 00:00 0 
7f208b601000-7f208b6ff000 rw-p 00000000 00:00 0 
7f208b6ff000-7f208b702000 ---p 00000000 00:00 0 
7f208b702000-7f208ba00000 rw-p 00000000 00:00 0 
7f208ba00000-7f208bc00000 rw-p 00000000 00:00 0 
7f208bc00000-7f208be00000 rw-p 00000000 00:00 0 
7f208be00000-7f208c000000 rw-p 00000000 00:00 0 
7f208c000000-7f208cced000 rw-p 00000000 00:00 0 
7f208cced000-7f2090000000 ---p 00000000 00:00 0 
7f2090000000-7f20902a0000 rw-p 00000000 00:00 0 
7f20902a0000-7f2094000000 ---p 00000000 00:00 0 
7f2094000000-7f2094021000 rw-p 00000000 00:00 0 
7f2094021000-7f2098000000 ---p 00000000 00:00 0 
7f2098000000-7f2098021000 rw-p 00000000 00:00 0 
7f2098021000-7f209c000000 ---p 00000000 00:00 0 
7f209c000000-7f209c021000 rw-p 00000000 00:00 0 
7f209c021000-7f20a0000000 ---p 00000000 00:00 0 
7f20a0000000-7f20a02a7000 rw-p 00000000 00:00 0 
7f20a02a7000-7f20a4000000 ---p 00000000 00:00 0 
7f20a4000000-7f20a4021000 rw-p 00000000 00:00 0 
7f20a4021000-7f20a8000000 ---p 00000000 00:00 0 
7f20a8000000-7f20a8021000 rw-p 00000000 00:00 0 
7f20a8021000-7f20ac000000 ---p 00000000 00:00 0 
7f20ac000000-7f20ac021000 rw-p 00000000 00:00 0 
7f20ac021000-7f20b0000000 ---p 00000000 00:00 0 
7f20b0000000-7f20b0021000 rw-p 00000000 00:00 0 
7f20b0021000-7f20b4000000 ---p 00000000 00:00 0 
7f20b4000000-7f20b4021000 rw-p 00000000 00:00 0 
7f20b4021000-7f20b8000000 ---p 00000000 00:00 0 
7f20b8000000-7f20b8021000 rw-p 00000000 00:00 0 
7f20b8021000-7f20bc000000 ---p 00000000 00:00 0 
7f20bc000000-7f20bc021000 rw-p 00000000 00:00 0 
7f20bc021000-7f20c0000000 ---p 00000000 00:00 0 
7f20c0000000-7f20c06ea000 rw-p 00000000 00:00 0 
7f20c06ea000-7f20c4000000 ---p 00000000 00:00 0 
7f20c4000000-7f20c4021000 rw-p 00000000 00:00 0 
7f20c4021000-7f20c8000000 ---p 00000000 00:00 0 
7f20c8000000-7f20c8036000 rw-p 00000000 00:00 0 
7f20c8036000-7f20cc000000 ---p 00000000 00:00 0 
7f20cc000000-7f20cc021000 rw-p 00000000 00:00 0 
7f20cc021000-7f20d0000000 ---p 00000000 00:00 0 
7f20d00e7000-7f20d00ea000 ---p 00000000 00:00 0 
7f20d00ea000-7f20d03e8000 rw-p 00000000 00:00 0 
7f20d03e8000-7f20d05e8000 rw-p 00000000 00:00 0 
7f20d05e8000-7f20d07e8000 rw-p 00000000 00:00 0 
7f20d07e8000-7f20d09e8000 rw-p 00000000 00:00 0 
7f20d09e8000-7f20d0be8000 rw-p 00000000 00:00 0 
7f20d0be8000-7f20d0de8000 rw-p 00000000 00:00 0 
7f20d0de8000-7f20d0dff000 r-xp 00000000 08:02 4199113                    /lib/x86_64-linux-gnu/libresolv-2.27.so
7f20d0dff000-7f20d0fff000 ---p 00017000 08:02 4199113                    /lib/x86_64-linux-gnu/libresolv-2.27.so
7f20d0fff000-7f20d1000000 r--p 00017000 08:02 4199113                    /lib/x86_64-linux-gnu/libresolv-2.27.so
7f20d1000000-7f20d1001000 rw-p 00018000 08:02 4199113                    /lib/x86_64-linux-gnu/libresolv-2.27.so
7f20d1001000-7f20d1003000 rw-p 00000000 00:00 0 
7f20d1003000-7f20d1008000 r-xp 00000000 08:02 4199062                    /lib/x86_64-linux-gnu/libnss_dns-2.27.so
7f20d1008000-7f20d1208000 ---p 00005000 08:02 4199062                    /lib/x86_64-linux-gnu/libnss_dns-2.27.so
7f20d1208000-7f20d1209000 r--p 00005000 08:02 4199062                    /lib/x86_64-linux-gnu/libnss_dns-2.27.so
7f20d1209000-7f20d120a000 rw-p 00006000 08:02 4199062                    /lib/x86_64-linux-gnu/libnss_dns-2.27.so
7f20d120a000-7f20d120c000 r-xp 00000000 08:02 4199070                    /lib/x86_64-linux-gnu/libnss_mdns4_minimal.so.2
7f20d120c000-7f20d140b000 ---p 00002000 08:02 4199070                    /lib/x86_64-linux-gnu/libnss_mdns4_minimal.so.2
7f20d140b000-7f20d140c000 r--p 00001000 08:02 4199070                    /lib/x86_64-linux-gnu/libnss_mdns4_minimal.so.2
7f20d140c000-7f20d140d000 rw-p 00002000 08:02 4199070                    /lib/x86_64-linux-gnu/libnss_mdns4_minimal.so.2
7f20d1422000-7f20d1424000 r--s 00009000 08:02 3278175                    /usr/lib/jvm/java-8-oracle/jre/lib/ext/sunec.jar
7f20d1424000-7f20d1427000 r--s 0001a000 08:02 3148775                    /usr/lib/jvm/java-8-oracle/jre/lib/jce.jar
7f20d1427000-7f20d142c000 r--s 002f9000 08:02 3148762                    /usr/lib/jvm/java-8-oracle/jre/lib/charsets.jar
7f20d142c000-7f20d142f000 ---p 00000000 00:00 0 
7f20d142f000-7f20d152d000 rw-p 00000000 00:00 0 
7f20d152d000-7f20d15c2000 r--s 0110e000 08:02 3278274                    /usr/lib/jvm/java-8-oracle/jre/lib/ext/jfxrt.jar
7f20d15c2000-7f20d17c2000 rw-p 00000000 00:00 0 
7f20d17c2000-7f20d19c2000 rw-p 00000000 00:00 0 
7f20d19c2000-7f20d19c5000 ---p 00000000 00:00 0 
7f20d19c5000-7f20d1ac3000 rw-p 00000000 00:00 0 
7f20d1ac3000-7f20d1ac6000 ---p 00000000 00:00 0 
7f20d1ac6000-7f20d1bc4000 rw-p 00000000 00:00 0 
7f20d1bc4000-7f20d1bc7000 ---p 00000000 00:00 0 
7f20d1bc7000-7f20d1ec5000 rw-p 00000000 00:00 0 
7f20d1ec5000-7f20d1ec8000 ---p 00000000 00:00 0 
7f20d1ec8000-7f20d1fc6000 rw-p 00000000 00:00 0 
7f20d1fc6000-7f20d1fe2000 r--s 00393000 08:02 3278272                    /usr/lib/jvm/java-8-oracle/jre/lib/ext/cldrdata.jar
7f20d1fe2000-7f20d1fec000 r--s 00116000 08:02 3278448                    /usr/lib/jvm/java-8-oracle/jre/lib/ext/localedata.jar
7f20d1fec000-7f20d1fef000 ---p 00000000 00:00 0 
7f20d1fef000-7f20d20ed000 rw-p 00000000 00:00 0 
7f20d20ed000-7f20d20f0000 ---p 00000000 00:00 0 
7f20d20f0000-7f20d21ee000 rw-p 00000000 00:00 0 
7f20d21ee000-7f20d21f1000 ---p 00000000 00:00 0 
7f20d21f1000-7f20d22ef000 rw-p 00000000 00:00 0 
7f20d22ef000-7f20d22f0000 ---p 00000000 00:00 0 
7f20d22f0000-7f20d23f0000 rw-p 00000000 00:00 0 
7f20d23f0000-7f20d23f3000 ---p 00000000 00:00 0 
7f20d23f3000-7f20d24f1000 rw-p 00000000 00:00 0 
7f20d24f1000-7f20d24f4000 ---p 00000000 00:00 0 
7f20d24f4000-7f20d25f2000 rw-p 00000000 00:00 0 
7f20d25f2000-7f20d25f5000 ---p 00000000 00:00 0 
7f20d25f5000-7f20d26f3000 rw-p 00000000 00:00 0 
7f20d26f3000-7f20d26f8000 r--s 0009d000 08:02 3148769                    /usr/lib/jvm/java-8-oracle/jre/lib/jsse.jar
7f20d26f8000-7f20d2704000 r--s 0005c000 08:02 48497468                   /home/frost-5/.m2/repository/org/springframework/security/spring-security-core/5.0.8.RELEASE/spring-security-core-5.0.8.RELEASE.jar
7f20d2704000-7f20d2706000 r--s 00004000 08:02 48499015                   /home/frost-5/.m2/repository/org/springframework/spring-jcl/5.0.9.RELEASE/spring-jcl-5.0.9.RELEASE.jar
7f20d2706000-7f20d271e000 r--s 00114000 08:02 48499019                   /home/frost-5/.m2/repository/org/springframework/spring-core/5.0.9.RELEASE/spring-core-5.0.9.RELEASE.jar
7f20d271e000-7f20d2735000 r--s 00173000 08:02 41421246                   /home/frost-5/.m2/repository/org/projectlombok/lombok/1.16.22/lombok-1.16.22.jar
7f20d2735000-7f20d2756000 r--s 000fe000 08:02 48498946                   /home/frost-5/.m2/repository/org/springframework/boot/spring-boot-autoconfigure/2.0.5.RELEASE/spring-boot-autoconfigure-2.0.5.RELEASE.jar
7f20d2756000-7f20d276b000 r--s 000d0000 08:02 48498963                   /home/frost-5/.m2/repository/org/springframework/boot/spring-boot/2.0.5.RELEASE/spring-boot-2.0.5.RELEASE.jar
7f20d276b000-7f20d2771000 r--s 0002d000 08:02 48498990                   /home/frost-5/.m2/repository/org/springframework/boot/spring-boot-devtools/2.0.5.RELEASE/spring-boot-devtools-2.0.5.RELEASE.jar
7f20d2771000-7f20d2773000 r--s 00005000 08:02 41420722                   /home/frost-5/.m2/repository/xpp3/xpp3_min/1.1.4c/xpp3_min-1.1.4c.jar
7f20d2773000-7f20d2774000 r--s 00001000 08:02 41420720                   /home/frost-5/.m2/repository/xmlpull/xmlpull/1.1.3.1/xmlpull-1.1.3.1.jar
7f20d2774000-7f20d2782000 r--s 00082000 08:02 48497288                   /home/frost-5/.m2/repository/com/thoughtworks/xstream/xstream/1.4.10/xstream-1.4.10.jar
7f20d2782000-7f20d2784000 r--s 00009000 08:02 40633289                   /home/frost-5/.m2/repository/org/slf4j/slf4j-api/1.7.25/slf4j-api-1.7.25.jar
7f20d2784000-7f20d2786000 r--s 00003000 08:02 48497278                   /home/frost-5/.m2/repository/com/netflix/ribbon/ribbon-eureka/2.2.5/ribbon-eureka-2.2.5.jar
7f20d2786000-7f20d279f000 r--s 00102000 08:02 48368564                   /home/frost-5/.m2/repository/io/reactivex/rxjava/1.3.8/rxjava-1.3.8.jar
7f20d279f000-7f20d27a1000 r--s 00002000 08:02 46008891                   /home/frost-5/.m2/repository/com/netflix/netflix-commons/netflix-statistics/0.1.1/netflix-statistics-0.1.1.jar
7f20d27a1000-7f20d27a5000 r--s 00024000 08:02 48497030                   /home/frost-5/.m2/repository/com/netflix/ribbon/ribbon-loadbalancer/2.2.5/ribbon-loadbalancer-2.2.5.jar
7f20d27a5000-7f20d27a7000 r--s 00001000 08:02 48497039                   /home/frost-5/.m2/repository/com/netflix/netflix-commons/netflix-commons-util/0.3.0/netflix-commons-util-0.3.0.jar
7f20d27a7000-7f20d27b4000 r--s 00083000 08:02 46008943                   /home/frost-5/.m2/repository/commons-collections/commons-collections/3.2.2/commons-collections-3.2.2.jar
7f20d27b4000-7f20d27b6000 r--s 0000c000 08:02 48497031                   /home/frost-5/.m2/repository/com/netflix/ribbon/ribbon-httpclient/2.2.5/ribbon-httpclient-2.2.5.jar
7f20d27b6000-7f20d27ba000 r--s 00011000 08:02 48497038                   /home/frost-5/.m2/repository/com/netflix/ribbon/ribbon-core/2.2.5/ribbon-core-2.2.5.jar
7f20d27ba000-7f20d27bb000 r--s 00007000 08:02 48498986                   /home/frost-5/.m2/repository/io/netty/netty-resolver/4.1.29.Final/netty-resolver-4.1.29.Final.jar
7f20d27bb000-7f20d27c4000 r--s 00068000 08:02 48498928                   /home/frost-5/.m2/repository/io/netty/netty-transport/4.1.29.Final/netty-transport-4.1.29.Final.jar
7f20d27c4000-7f20d27c6000 r--s 00006000 08:02 48498987                   /home/frost-5/.m2/repository/io/netty/netty-transport-native-unix-common/4.1.29.Final/netty-transport-native-unix-common-4.1.29.Final.jar
7f20d27c6000-7f20d27ca000 r--s 0003f000 08:02 48499003                   /home/frost-5/.m2/repository/io/netty/netty-buffer/4.1.29.Final/netty-buffer-4.1.29.Final.jar
7f20d27ca000-7f20d27d7000 r--s 00081000 08:02 48498992                   /home/frost-5/.m2/repository/io/netty/netty-common/4.1.29.Final/netty-common-4.1.29.Final.jar
7f20d27d7000-7f20d27da000 r--s 0001a000 08:02 48499884                   /home/frost-5/.m2/repository/io/netty/netty-transport-native-epoll/4.1.29.Final/netty-transport-native-epoll-4.1.29.Final.jar
7f20d27da000-7f20d27e1000 r--s 00047000 08:02 48498978                   /home/frost-5/.m2/repository/io/netty/netty-codec/4.1.29.Final/netty-codec-4.1.29.Final.jar
7f20d27e1000-7f20d27eb000 r--s 00080000 08:02 48498982                   /home/frost-5/.m2/repository/io/netty/netty-codec-http/4.1.29.Final/netty-codec-http-4.1.29.Final.jar
7f20d27eb000-7f20d27f5000 r--s 00059000 08:02 46008913                   /home/frost-5/.m2/repository/io/reactivex/rxnetty/0.4.9/rxnetty-0.4.9.jar
7f20d27f5000-7f20d2801000 r--s 00068000 08:02 46008917                   /home/frost-5/.m2/repository/com/netflix/hystrix/hystrix-core/1.5.12/hystrix-core-1.5.12.jar
7f20d2801000-7f20d2803000 r--s 00006000 08:02 46008901                   /home/frost-5/.m2/repository/io/reactivex/rxnetty-servo/0.4.9/rxnetty-servo-0.4.9.jar
7f20d2803000-7f20d2806000 r--s 0000b000 08:02 46008915                   /home/frost-5/.m2/repository/io/reactivex/rxnetty-contexts/0.4.9/rxnetty-contexts-0.4.9.jar
7f20d2806000-7f20d2807000 r--s 00009000 08:02 48497023                   /home/frost-5/.m2/repository/com/netflix/ribbon/ribbon-transport/2.2.5/ribbon-transport-2.2.5.jar
7f20d2807000-7f20d280b000 r--s 00012000 08:02 48497019                   /home/frost-5/.m2/repository/com/netflix/ribbon/ribbon/2.2.5/ribbon-2.2.5.jar
7f20d280b000-7f20d280c000 r--s 00000000 08:02 48497271                   /home/frost-5/.m2/repository/org/springframework/cloud/spring-cloud-starter-netflix-ribbon/2.0.1.RELEASE/spring-cloud-starter-netflix-ribbon-2.0.1.RELEASE.jar
7f20d280c000-7f20d2811000 r--s 00041000 08:02 45877719                   /home/frost-5/.m2/repository/commons-lang/commons-lang/2.6/commons-lang-2.6.jar
7f20d2811000-7f20d2818000 r--s 00050000 08:02 46008856                   /home/frost-5/.m2/repository/commons-configuration/commons-configuration/1.8/commons-configuration-1.8.jar
7f20d2818000-7f20d281a000 r--s 00002000 08:02 47714014                   /home/frost-5/.m2/repository/org/springframework/cloud/spring-cloud-netflix-archaius/2.0.1.RELEASE/spring-cloud-netflix-archaius-2.0.1.RELEASE.jar
7f20d281a000-7f20d281e000 r--s 00016000 08:02 47189772                   /home/frost-5/.m2/repository/org/springframework/cloud/spring-cloud-netflix-ribbon/2.0.1.RELEASE/spring-cloud-netflix-ribbon-2.0.1.RELEASE.jar
7f20d281e000-7f20d281f000 r--s 00000000 08:02 48497259                   /home/frost-5/.m2/repository/org/springframework/cloud/spring-cloud-starter-netflix-archaius/2.0.1.RELEASE/spring-cloud-starter-netflix-archaius-2.0.1.RELEASE.jar
7f20d281f000-7f20d2823000 r--s 00024000 08:02 46008849                   /home/frost-5/.m2/repository/org/codehaus/woodstox/stax2-api/3.1.4/stax2-api-3.1.4.jar
7f20d2823000-7f20d2825000 r--s 00004000 08:02 46008877                   /home/frost-5/.m2/repository/javax/xml/stream/stax-api/1.0-2/stax-api-1.0-2.jar
7f20d2825000-7f20d282b000 r--s 00071000 08:02 46008867                   /home/frost-5/.m2/repository/org/codehaus/woodstox/woodstox-core-asl/4.4.1/woodstox-core-asl-4.4.1.jar
7f20d282b000-7f20d2830000 r--s 00039000 08:02 48497283                   /home/frost-5/.m2/repository/com/netflix/eureka/eureka-core/1.9.3/eureka-core-1.9.3.jar
7f20d2830000-7f20d2835000 r--s 00024000 08:02 48497282                   /home/frost-5/.m2/repository/com/github/andrewoma/dexx/dexx-collections/0.2/dexx-collections-0.2.jar
7f20d2835000-7f20d2836000 r--s 00004000 08:02 48497279                   /home/frost-5/.m2/repository/com/github/vlsi/compactmap/compactmap/1.2.1/compactmap-1.2.1.jar
7f20d2836000-7f20d2838000 r--s 00000000 08:02 40763971                   /home/frost-5/.m2/repository/aopalliance/aopalliance/1.0/aopalliance-1.0.jar
7f20d2838000-7f20d2839000 r--s 00000000 08:02 40763966                   /home/frost-5/.m2/repository/javax/inject/javax.inject/1/javax.inject-1.jar
7f20d2839000-7f20d2847000 r--s 00097000 08:02 46008886                   /home/frost-5/.m2/repository/com/google/inject/guice/4.1.0/guice-4.1.0.jar
7f20d2847000-7f20d284e000 r--s 0004b000 08:02 45616941                   /home/frost-5/.m2/repository/commons-codec/commons-codec/1.11/commons-codec-1.11.jar
7f20d284e000-7f20d2855000 r--s 00049000 08:02 45617047                   /home/frost-5/.m2/repository/org/apache/httpcomponents/httpcore/4.4.10/httpcore-4.4.10.jar
7f20d2855000-7f20d2862000 r--s 000af000 08:02 45616822                   /home/frost-5/.m2/repository/org/apache/httpcomponents/httpclient/4.5.6/httpclient-4.5.6.jar
7f20d2862000-7f20d2864000 r--s 00003000 08:02 46008944                   /home/frost-5/.m2/repository/com/sun/jersey/contribs/jersey-apache-client4/1.19.1/jersey-apache-client4-1.19.1.jar
7f20d2864000-7f20d2867000 r--s 0001e000 08:02 46008931                   /home/frost-5/.m2/repository/com/sun/jersey/jersey-client/1.19.1/jersey-client-1.19.1.jar
7f20d2867000-7f20d2871000 r--s 00061000 08:02 46008887                   /home/frost-5/.m2/repository/com/sun/jersey/jersey-core/1.19.1/jersey-core-1.19.1.jar
7f20d2871000-7f20d2876000 r--s 00033000 08:02 48497036                   /home/frost-5/.m2/repository/com/netflix/servo/servo-core/0.12.21/servo-core-0.12.21.jar
7f20d2876000-7f20d2878000 r--s 0000a000 08:02 46008884                   /home/frost-5/.m2/repository/javax/ws/rs/jsr311-api/1.1.1/jsr311-api-1.1.1.jar
7f20d2878000-7f20d28a3000 r--s 001f5000 08:02 48368563                   /home/frost-5/.m2/repository/com/google/guava/guava/16.0/guava-16.0.jar
7f20d28a3000-7f20d28a7000 r--s 0001f000 08:02 48368566                   /home/frost-5/.m2/repository/com/netflix/archaius/archaius-core/0.7.6/archaius-core-0.7.6.jar
7f20d28a7000-7f20d28ba000 r--s 000df000 08:02 45877825                   /home/frost-5/.m2/repository/org/apache/commons/commons-math/2.2/commons-math-2.2.jar
7f20d28ba000-7f20d28bf000 r--s 00036000 08:02 48497277                   /home/frost-5/.m2/repository/com/google/code/gson/gson/2.8.5/gson-2.8.5.jar
7f20d28bf000-7f20d28c4000 r--s 00068000 08:02 40633251                   /home/frost-5/.m2/repository/antlr/antlr/2.7.7/antlr-2.7.7.jar
7f20d28c4000-7f20d28c7000 r--s 00022000 08:02 46008800                   /home/frost-5/.m2/repository/org/antlr/stringtemplate/3.2.1/stringtemplate-3.2.1.jar
7f20d28c7000-7f20d28cb000 r--s 00025000 08:02 46008840                   /home/frost-5/.m2/repository/org/antlr/antlr-runtime/3.4/antlr-runtime-3.4.jar
7f20d28cb000-7f20d28dc000 r--s 0008a000 08:02 45877923                   /home/frost-5/.m2/repository/joda-time/joda-time/2.9.9/joda-time-2.9.9.jar
7f20d28dc000-7f20d28e2000 r--s 00044000 08:02 46008839                   /home/frost-5/.m2/repository/commons-jxpath/commons-jxpath/1.3/commons-jxpath-1.3.jar
7f20d28e2000-7f20d28e5000 r--s 00016000 08:02 46008858                   /home/frost-5/.m2/repository/com/netflix/netflix-commons/netflix-infix/0.3.0/netflix-infix-0.3.0.jar
7f20d28e5000-7f20d28e7000 r--s 0000f000 08:02 46008851                   /home/frost-5/.m2/repository/com/netflix/netflix-commons/netflix-eventbus/0.3.0/netflix-eventbus-0.3.0.jar
7f20d28e7000-7f20d28e9000 r--s 00005000 08:02 46008850                   /home/frost-5/.m2/repository/stax/stax-api/1.0.1/stax-api-1.0.1.jar
7f20d28e9000-7f20d28ec000 r--s 00012000 08:02 46008718                   /home/frost-5/.m2/repository/org/codehaus/jettison/jettison/1.3.7/jettison-1.3.7.jar
7f20d28ec000-7f20d28f6000 r--s 00062000 08:02 48497291                   /home/frost-5/.m2/repository/com/netflix/eureka/eureka-client/1.9.3/eureka-client-1.9.3.jar
7f20d28f6000-7f20d28f9000 r--s 00015000 08:02 48497265                   /home/frost-5/.m2/repository/org/springframework/cloud/spring-cloud-netflix-eureka-client/2.0.1.RELEASE/spring-cloud-netflix-eureka-client-2.0.1.RELEASE.jar
7f20d28f9000-7f20d2912000 r--s 001bf000 08:02 40633279                   /home/frost-5/.m2/repository/org/aspectj/aspectjweaver/1.8.13/aspectjweaver-1.8.13.jar
7f20d2912000-7f20d2913000 r--s 00000000 08:02 48628080                   /home/frost-5/.m2/repository/org/springframework/boot/spring-boot-starter-aop/2.0.5.RELEASE/spring-boot-starter-aop-2.0.5.RELEASE.jar
7f20d2913000-7f20d2915000 r--s 00005000 08:02 48497017                   /home/frost-5/.m2/repository/org/springframework/cloud/spring-cloud-netflix-core/2.0.1.RELEASE/spring-cloud-netflix-core-2.0.1.RELEASE.jar
7f20d2915000-7f20d2916000 r--s 00000000 08:02 48497712                   /home/frost-5/.m2/repository/org/springframework/cloud/spring-cloud-starter-netflix-eureka-client/2.0.1.RELEASE/spring-cloud-starter-netflix-eureka-client-2.0.1.RELEASE.jar
7f20d2916000-7f20d2918000 r--s 00007000 08:02 48497847                   /home/frost-5/.m2/repository/org/springframework/cloud/spring-cloud-config-client/2.0.1.RELEASE/spring-cloud-config-client-2.0.1.RELEASE.jar
7f20d2918000-7f20d2963000 r--s 002ff000 08:02 47057855                   /home/frost-5/.m2/repository/org/bouncycastle/bcprov-jdk15on/1.56/bcprov-jdk15on-1.56.jar
7f20d2963000-7f20d2974000 r--s 00097000 08:02 46927595                   /home/frost-5/.m2/repository/org/bouncycastle/bcpkix-jdk15on/1.56/bcpkix-jdk15on-1.56.jar
7f20d2974000-7f20d2975000 r--s 00004000 08:02 46798619                   /home/frost-5/.m2/repository/org/springframework/security/spring-security-rsa/1.0.5.RELEASE/spring-security-rsa-1.0.5.RELEASE.jar
7f20d2975000-7f20d297a000 r--s 0001b000 08:02 46536192                   /home/frost-5/.m2/repository/org/springframework/cloud/spring-cloud-commons/2.0.1.RELEASE/spring-cloud-commons-2.0.1.RELEASE.jar
7f20d297a000-7f20d297c000 r--s 00010000 08:02 48366482                   /home/frost-5/.m2/repository/org/springframework/security/spring-security-crypto/5.0.8.RELEASE/spring-security-crypto-5.0.8.RELEASE.jar
7f20d297c000-7f20d2980000 r--s 00016000 08:02 46273607                   /home/frost-5/.m2/repository/org/springframework/cloud/spring-cloud-context/2.0.1.RELEASE/spring-cloud-context-2.0.1.RELEASE.jar
7f20d2980000-7f20d2981000 r--s 00000000 08:02 46009080                   /home/frost-5/.m2/repository/org/springframework/cloud/spring-cloud-starter/2.0.1.RELEASE/spring-cloud-starter-2.0.1.RELEASE.jar
7f20d2981000-7f20d2990000 r--s 000b3000 08:02 48498939                   /home/frost-5/.m2/repository/org/springframework/spring-webmvc/5.0.9.RELEASE/spring-webmvc-5.0.9.RELEASE.jar
7f20d2990000-7f20d29aa000 r--s 0011b000 08:02 48498975                   /home/frost-5/.m2/repository/org/springframework/spring-web/5.0.9.RELEASE/spring-web-5.0.9.RELEASE.jar
7f20d29aa000-7f20d29ac000 r--s 0000e000 08:02 40633254                   /home/frost-5/.m2/repository/com/fasterxml/classmate/1.3.4/classmate-1.3.4.jar
7f20d29ac000-7f20d29ae000 r--s 0000f000 08:02 40633262                   /home/frost-5/.m2/repository/org/jboss/logging/jboss-logging/3.3.2.Final/jboss-logging-3.3.2.Final.jar
7f20d29ae000-7f20d29b3000 r--s 00012000 08:02 41550147                   /home/frost-5/.m2/repository/javax/validation/validation-api/2.0.1.Final/validation-api-2.0.1.Final.jar
7f20d29b3000-7f20d29d0000 r--s 000fe000 08:02 48498976                   /home/frost-5/.m2/repository/org/hibernate/validator/hibernate-validator/6.0.12.Final/hibernate-validator-6.0.12.Final.jar
7f20d29d0000-7f20d29fa000 r--s 002d5000 08:02 48498954                   /home/frost-5/.m2/repository/org/apache/tomcat/embed/tomcat-embed-core/8.5.34/tomcat-embed-core-8.5.34.jar
7f20d29fa000-7f20d2a0b000 r-xp 00000000 08:02 3278914                    /usr/lib/jvm/java-8-oracle/jre/lib/amd64/libnio.so
7f20d2a0b000-7f20d2c0a000 ---p 00011000 08:02 3278914                    /usr/lib/jvm/java-8-oracle/jre/lib/amd64/libnio.so
7f20d2c0a000-7f20d2c0b000 rw-p 00010000 08:02 3278914                    /usr/lib/jvm/java-8-oracle/jre/lib/amd64/libnio.so
7f20d2c0b000-7f20d2c21000 r-xp 00000000 08:02 3278911                    /usr/lib/jvm/java-8-oracle/jre/lib/amd64/libnet.so
7f20d2c21000-7f20d2e21000 ---p 00016000 08:02 3278911                    /usr/lib/jvm/java-8-oracle/jre/lib/amd64/libnet.so
7f20d2e21000-7f20d2e22000 rw-p 00016000 08:02 3278911                    /usr/lib/jvm/java-8-oracle/jre/lib/amd64/libnet.so
7f20d2e22000-7f20d2e2b000 r-xp 00000000 08:02 3278919                    /usr/lib/jvm/java-8-oracle/jre/lib/amd64/libmanagement.so
7f20d2e2b000-7f20d302a000 ---p 00009000 08:02 3278919                    /usr/lib/jvm/java-8-oracle/jre/lib/amd64/libmanagement.so
7f20d302a000-7f20d302b000 rw-p 00008000 08:02 3278919                    /usr/lib/jvm/java-8-oracle/jre/lib/amd64/libmanagement.so
7f20d302b000-7f20d302e000 ---p 00000000 00:00 0 
7f20d302e000-7f20d312c000 rw-p 00000000 00:00 0 
7f20d312c000-7f20d312d000 ---p 00000000 00:00 0 
7f20d312d000-7f20d3130000 ---p 00000000 00:00 0 
7f20d3130000-7f20d322d000 rw-p 00000000 00:00 0 
7f20d322d000-7f20d322e000 ---p 00000000 00:00 0 
7f20d322e000-7f20d3231000 ---p 00000000 00:00 0 
7f20d3231000-7f20d332e000 rw-p 00000000 00:00 0 
7f20d332e000-7f20d332f000 ---p 00000000 00:00 0 
7f20d332f000-7f20d3332000 ---p 00000000 00:00 0 
7f20d3332000-7f20d342f000 rw-p 00000000 00:00 0 
7f20d342f000-7f20d3432000 ---p 00000000 00:00 0 
7f20d3432000-7f20d3530000 rw-p 00000000 00:00 0 
7f20d3530000-7f20d3eff000 r--p 00000000 08:02 2628156                    /usr/lib/locale/locale-archive
7f20d3eff000-7f20d3f02000 ---p 00000000 00:00 0 
7f20d3f02000-7f20d4000000 rw-p 00000000 00:00 0 
7f20d4000000-7f20d4292000 rw-p 00000000 00:00 0 
7f20d4292000-7f20d8000000 ---p 00000000 00:00 0 
7f20d8000000-7f20d8021000 rw-p 00000000 00:00 0 
7f20d8021000-7f20dc000000 ---p 00000000 00:00 0 
7f20dc000000-7f20dc021000 rw-p 00000000 00:00 0 
7f20dc021000-7f20e0000000 ---p 00000000 00:00 0 
7f20e0000000-7f20e0021000 rw-p 00000000 00:00 0 
7f20e0021000-7f20e4000000 ---p 00000000 00:00 0 
7f20e4000000-7f20e4038000 rw-p 00000000 00:00 0 
7f20e4038000-7f20e8000000 ---p 00000000 00:00 0 
7f20e8000000-7f20e8001000 r--s 00000000 08:02 48497307                   /home/frost-5/.m2/repository/org/springframework/cloud/spring-cloud-starter-config/2.0.1.RELEASE/spring-cloud-starter-config-2.0.1.RELEASE.jar
7f20e8001000-7f20e8006000 r--s 0003a000 08:02 48498964                   /home/frost-5/.m2/repository/org/apache/tomcat/embed/tomcat-embed-websocket/8.5.34/tomcat-embed-websocket-8.5.34.jar
7f20e8006000-7f20e800b000 r--s 00038000 08:02 48498940                   /home/frost-5/.m2/repository/org/apache/tomcat/embed/tomcat-embed-el/8.5.34/tomcat-embed-el-8.5.34.jar
7f20e800b000-7f20e800c000 r--s 00000000 08:02 48498952                   /home/frost-5/.m2/repository/org/springframework/boot/spring-boot-starter-tomcat/2.0.5.RELEASE/spring-boot-starter-tomcat-2.0.5.RELEASE.jar
7f20e800c000-7f20e800e000 r--s 00001000 08:02 41550136                   /home/frost-5/.m2/repository/com/fasterxml/jackson/module/jackson-module-parameter-names/2.9.6/jackson-module-parameter-names-2.9.6.jar
7f20e800e000-7f20e8010000 r--s 00007000 08:02 41550134                   /home/frost-5/.m2/repository/com/fasterxml/jackson/datatype/jackson-datatype-jdk8/2.9.6/jackson-datatype-jdk8-2.9.6.jar
7f20e8010000-7f20e8011000 r--s 00000000 08:02 48498961                   /home/frost-5/.m2/repository/org/springframework/boot/spring-boot-starter-json/2.0.5.RELEASE/spring-boot-starter-json-2.0.5.RELEASE.jar
7f20e8011000-7f20e8016000 r--s 0004b000 08:02 41550130                   /home/frost-5/.m2/repository/com/fasterxml/jackson/core/jackson-core/2.9.6/jackson-core-2.9.6.jar
7f20e8016000-7f20e8019000 r--s 0000e000 08:02 41550138                   /home/frost-5/.m2/repository/com/fasterxml/jackson/core/jackson-annotations/2.9.0/jackson-annotations-2.9.0.jar
7f20e8019000-7f20e802c000 r--s 00137000 08:02 41550126                   /home/frost-5/.m2/repository/com/fasterxml/jackson/core/jackson-databind/2.9.6/jackson-databind-2.9.6.jar
7f20e802c000-7f20e802f000 r--s 00019000 08:02 48497520                   /home/frost-5/.m2/repository/io/jsonwebtoken/jjwt/0.9.0/jjwt-0.9.0.jar
7f20e802f000-7f20e8034000 r--s 00040000 08:02 48498956                   /home/frost-5/.m2/repository/org/springframework/spring-expression/5.0.9.RELEASE/spring-expression-5.0.9.RELEASE.jar
7f20e8034000-7f20e8041000 r--s 0006c000 08:02 48497464                   /home/frost-5/.m2/repository/org/springframework/security/spring-security-web/5.0.8.RELEASE/spring-security-web-5.0.8.RELEASE.jar
7f20e8041000-7f20e804c000 r--s 0009e000 08:02 48497308                   /home/frost-5/.m2/repository/org/springframework/security/spring-security-config/5.0.8.RELEASE/spring-security-config-5.0.8.RELEASE.jar
7f20e804c000-7f20e8059000 r--s 00095000 08:02 48499006                   /home/frost-5/.m2/repository/org/springframework/spring-beans/5.0.9.RELEASE/spring-beans-5.0.9.RELEASE.jar
7f20e8059000-7f20e8062000 r--s 00051000 08:02 48498932                   /home/frost-5/.m2/repository/org/springframework/spring-aop/5.0.9.RELEASE/spring-aop-5.0.9.RELEASE.jar
7f20e8062000-7f20e8064000 r--s 00006000 08:02 42074171                   /home/frost-5/.m2/repository/org/latencyutils/LatencyUtils/2.0.3/LatencyUtils-2.0.3.jar
7f20e8064000-7f20e807e000 r--s 000f1000 08:02 48498997                   /home/frost-5/.m2/repository/org/springframework/spring-context/5.0.9.RELEASE/spring-context-5.0.9.RELEASE.jar
7f20e807e000-7f20e8081000 ---p 00000000 00:00 0 
7f20e8081000-7f20e817f000 rw-p 00000000 00:00 0 
7f20e817f000-7f20e8180000 ---p 00000000 00:00 0 
7f20e8180000-7f20ec000000 rw-p 00000000 00:00 0 
7f20ec000000-7f20ec021000 rw-p 00000000 00:00 0 
7f20ec021000-7f20f0000000 ---p 00000000 00:00 0 
7f20f0000000-7f20f000e000 r--s 00064000 08:02 48366476                   /home/frost-5/.m2/repository/org/springframework/boot/spring-boot-actuator/2.0.5.RELEASE/spring-boot-actuator-2.0.5.RELEASE.jar
7f20f000e000-7f20f1000000 rw-p 00000000 00:00 0 
7f20f1000000-7f20f1990000 rwxp 00000000 00:00 0 
7f20f1990000-7f2100000000 ---p 00000000 00:00 0 
7f2100000000-7f2100c5d000 rw-p 00000000 00:00 0 
7f2100c5d000-7f2104000000 ---p 00000000 00:00 0 
7f2104000000-7f2104001000 r--s 00000000 08:02 48498951                   /home/frost-5/.m2/repository/org/springframework/boot/spring-boot-starter-web/2.0.5.RELEASE/spring-boot-starter-web-2.0.5.RELEASE.jar
7f2104001000-7f2104009000 r--s 0004f000 08:02 43385357                   /home/frost-5/.m2/repository/io/micrometer/micrometer-core/1.0.6/micrometer-core-1.0.6.jar
7f2104009000-7f2104016000 r--s 00051000 08:02 48366474                   /home/frost-5/.m2/repository/org/springframework/boot/spring-boot-actuator-autoconfigure/2.0.5.RELEASE/spring-boot-actuator-autoconfigure-2.0.5.RELEASE.jar
7f2104016000-7f210401d000 r--s 00042000 08:02 40633229                   /home/frost-5/.m2/repository/org/yaml/snakeyaml/1.19/snakeyaml-1.19.jar
7f210401d000-7f210403e000 rw-p 00000000 00:00 0 
7f210403e000-7f2104218000 r--s 03d6b000 08:02 3148764                    /usr/lib/jvm/java-8-oracle/jre/lib/rt.jar
7f2104218000-7f2104e66000 rw-p 00000000 00:00 0 
7f2104e66000-7f2104e67000 ---p 00000000 00:00 0 
7f2104e67000-7f2104f67000 rw-p 00000000 00:00 0 
7f2104f67000-7f2104f68000 ---p 00000000 00:00 0 
7f2104f68000-7f2105068000 rw-p 00000000 00:00 0 
7f2105068000-7f2105069000 ---p 00000000 00:00 0 
7f2105069000-7f2105169000 rw-p 00000000 00:00 0 
7f2105169000-7f210516a000 ---p 00000000 00:00 0 
7f210516a000-7f210528d000 rw-p 00000000 00:00 0 
7f210528d000-7f21054fa000 ---p 00000000 00:00 0 
7f21054fa000-7f210551d000 rw-p 00000000 00:00 0 
7f210551d000-7f210578a000 ---p 00000000 00:00 0 
7f210578a000-7f210582e000 rw-p 00000000 00:00 0 
7f210582e000-7f21058d2000 ---p 00000000 00:00 0 
7f21058d2000-7f21058fa000 rw-p 00000000 00:00 0 
7f21058fa000-7f2105c93000 ---p 00000000 00:00 0 
7f2105c93000-7f2105cae000 r-xp 00000000 08:02 3278907                    /usr/lib/jvm/java-8-oracle/jre/lib/amd64/libzip.so
7f2105cae000-7f2105eae000 ---p 0001b000 08:02 3278907                    /usr/lib/jvm/java-8-oracle/jre/lib/amd64/libzip.so
7f2105eae000-7f2105eaf000 rw-p 0001b000 08:02 3278907                    /usr/lib/jvm/java-8-oracle/jre/lib/amd64/libzip.so
7f2105eaf000-7f2105eba000 r-xp 00000000 08:02 4199064                    /lib/x86_64-linux-gnu/libnss_files-2.27.so
7f2105eba000-7f21060b9000 ---p 0000b000 08:02 4199064                    /lib/x86_64-linux-gnu/libnss_files-2.27.so
7f21060b9000-7f21060ba000 r--p 0000a000 08:02 4199064                    /lib/x86_64-linux-gnu/libnss_files-2.27.so
7f21060ba000-7f21060bb000 rw-p 0000b000 08:02 4199064                    /lib/x86_64-linux-gnu/libnss_files-2.27.so
7f21060bb000-7f21060c1000 rw-p 00000000 00:00 0 
7f21060c1000-7f21060d8000 r-xp 00000000 08:02 4199058                    /lib/x86_64-linux-gnu/libnsl-2.27.so
7f21060d8000-7f21062d7000 ---p 00017000 08:02 4199058                    /lib/x86_64-linux-gnu/libnsl-2.27.so
7f21062d7000-7f21062d8000 r--p 00016000 08:02 4199058                    /lib/x86_64-linux-gnu/libnsl-2.27.so
7f21062d8000-7f21062d9000 rw-p 00017000 08:02 4199058                    /lib/x86_64-linux-gnu/libnsl-2.27.so
7f21062d9000-7f21062db000 rw-p 00000000 00:00 0 
7f21062db000-7f21062e6000 r-xp 00000000 08:02 4199075                    /lib/x86_64-linux-gnu/libnss_nis-2.27.so
7f21062e6000-7f21064e5000 ---p 0000b000 08:02 4199075                    /lib/x86_64-linux-gnu/libnss_nis-2.27.so
7f21064e5000-7f21064e6000 r--p 0000a000 08:02 4199075                    /lib/x86_64-linux-gnu/libnss_nis-2.27.so
7f21064e6000-7f21064e7000 rw-p 0000b000 08:02 4199075                    /lib/x86_64-linux-gnu/libnss_nis-2.27.so
7f21064e7000-7f21064ef000 r-xp 00000000 08:02 4199060                    /lib/x86_64-linux-gnu/libnss_compat-2.27.so
7f21064ef000-7f21066ef000 ---p 00008000 08:02 4199060                    /lib/x86_64-linux-gnu/libnss_compat-2.27.so
7f21066ef000-7f21066f0000 r--p 00008000 08:02 4199060                    /lib/x86_64-linux-gnu/libnss_compat-2.27.so
7f21066f0000-7f21066f1000 rw-p 00009000 08:02 4199060                    /lib/x86_64-linux-gnu/libnss_compat-2.27.so
7f21066f1000-7f210671c000 r-xp 00000000 08:02 3278901                    /usr/lib/jvm/java-8-oracle/jre/lib/amd64/libjava.so
7f210671c000-7f210691b000 ---p 0002b000 08:02 3278901                    /usr/lib/jvm/java-8-oracle/jre/lib/amd64/libjava.so
7f210691b000-7f210691d000 rw-p 0002a000 08:02 3278901                    /usr/lib/jvm/java-8-oracle/jre/lib/amd64/libjava.so
7f210691d000-7f210692a000 r-xp 00000000 08:02 3278906                    /usr/lib/jvm/java-8-oracle/jre/lib/amd64/libverify.so
7f210692a000-7f2106b2a000 ---p 0000d000 08:02 3278906                    /usr/lib/jvm/java-8-oracle/jre/lib/amd64/libverify.so
7f2106b2a000-7f2106b2c000 rw-p 0000d000 08:02 3278906                    /usr/lib/jvm/java-8-oracle/jre/lib/amd64/libverify.so
7f2106b2c000-7f2106b33000 r-xp 00000000 08:02 4199115                    /lib/x86_64-linux-gnu/librt-2.27.so
7f2106b33000-7f2106d32000 ---p 00007000 08:02 4199115                    /lib/x86_64-linux-gnu/librt-2.27.so
7f2106d32000-7f2106d33000 r--p 00006000 08:02 4199115                    /lib/x86_64-linux-gnu/librt-2.27.so
7f2106d33000-7f2106d34000 rw-p 00007000 08:02 4199115                    /lib/x86_64-linux-gnu/librt-2.27.so
7f2106d34000-7f2106ed1000 r-xp 00000000 08:02 4199037                    /lib/x86_64-linux-gnu/libm-2.27.so
7f2106ed1000-7f21070d0000 ---p 0019d000 08:02 4199037                    /lib/x86_64-linux-gnu/libm-2.27.so
7f21070d0000-7f21070d1000 r--p 0019c000 08:02 4199037                    /lib/x86_64-linux-gnu/libm-2.27.so
7f21070d1000-7f21070d2000 rw-p 0019d000 08:02 4199037                    /lib/x86_64-linux-gnu/libm-2.27.so
7f21070d2000-7f2107dae000 r-xp 00000000 08:02 3278882                    /usr/lib/jvm/java-8-oracle/jre/lib/amd64/server/libjvm.so
7f2107dae000-7f2107fae000 ---p 00cdc000 08:02 3278882                    /usr/lib/jvm/java-8-oracle/jre/lib/amd64/server/libjvm.so
7f2107fae000-7f2108088000 rw-p 00cdc000 08:02 3278882                    /usr/lib/jvm/java-8-oracle/jre/lib/amd64/server/libjvm.so
7f2108088000-7f21080d3000 rw-p 00000000 00:00 0 
7f21080d3000-7f21082ba000 r-xp 00000000 08:02 4198974                    /lib/x86_64-linux-gnu/libc-2.27.so
7f21082ba000-7f21084ba000 ---p 001e7000 08:02 4198974                    /lib/x86_64-linux-gnu/libc-2.27.so
7f21084ba000-7f21084be000 r--p 001e7000 08:02 4198974                    /lib/x86_64-linux-gnu/libc-2.27.so
7f21084be000-7f21084c0000 rw-p 001eb000 08:02 4198974                    /lib/x86_64-linux-gnu/libc-2.27.so
7f21084c0000-7f21084c4000 rw-p 00000000 00:00 0 
7f21084c4000-7f21084c7000 r-xp 00000000 08:02 4198997                    /lib/x86_64-linux-gnu/libdl-2.27.so
7f21084c7000-7f21086c6000 ---p 00003000 08:02 4198997                    /lib/x86_64-linux-gnu/libdl-2.27.so
7f21086c6000-7f21086c7000 r--p 00002000 08:02 4198997                    /lib/x86_64-linux-gnu/libdl-2.27.so
7f21086c7000-7f21086c8000 rw-p 00003000 08:02 4198997                    /lib/x86_64-linux-gnu/libdl-2.27.so
7f21086c8000-7f21086de000 r-xp 00000000 08:02 3147498                    /usr/lib/jvm/java-8-oracle/lib/amd64/jli/libjli.so
7f21086de000-7f21088dd000 ---p 00016000 08:02 3147498                    /usr/lib/jvm/java-8-oracle/lib/amd64/jli/libjli.so
7f21088dd000-7f21088de000 rw-p 00015000 08:02 3147498                    /usr/lib/jvm/java-8-oracle/lib/amd64/jli/libjli.so
7f21088de000-7f21088f8000 r-xp 00000000 08:02 4199107                    /lib/x86_64-linux-gnu/libpthread-2.27.so
7f21088f8000-7f2108af7000 ---p 0001a000 08:02 4199107                    /lib/x86_64-linux-gnu/libpthread-2.27.so
7f2108af7000-7f2108af8000 r--p 00019000 08:02 4199107                    /lib/x86_64-linux-gnu/libpthread-2.27.so
7f2108af8000-7f2108af9000 rw-p 0001a000 08:02 4199107                    /lib/x86_64-linux-gnu/libpthread-2.27.so
7f2108af9000-7f2108afd000 rw-p 00000000 00:00 0 
7f2108afd000-7f2108b24000 r-xp 00000000 08:02 4198946                    /lib/x86_64-linux-gnu/ld-2.27.so
7f2108b24000-7f2108b26000 r--s 0001b000 08:02 42074167                   /home/frost-5/.m2/repository/org/hdrhistogram/HdrHistogram/2.1.10/HdrHistogram-2.1.10.jar
7f2108b26000-7f2108b29000 r--s 00016000 08:02 41550135                   /home/frost-5/.m2/repository/com/fasterxml/jackson/datatype/jackson-datatype-jsr310/2.9.6/jackson-datatype-jsr310-2.9.6.jar
7f2108b29000-7f2108b2b000 r--s 00005000 08:02 40633191                   /home/frost-5/.m2/repository/javax/annotation/javax.annotation-api/1.3.2/javax.annotation-api-1.3.2.jar
7f2108b2b000-7f2108b2d000 r--s 00000000 08:02 40633220                   /home/frost-5/.m2/repository/org/slf4j/jul-to-slf4j/1.7.25/jul-to-slf4j-1.7.25.jar
7f2108b2d000-7f2108b33000 r--s 00039000 08:02 40633219                   /home/frost-5/.m2/repository/org/apache/logging/log4j/log4j-api/2.10.0/log4j-api-2.10.0.jar
7f2108b33000-7f2108b35000 r--s 00003000 08:02 40633217                   /home/frost-5/.m2/repository/org/apache/logging/log4j/log4j-to-slf4j/2.10.0/log4j-to-slf4j-2.10.0.jar
7f2108b35000-7f2108c00000 rw-p 00000000 00:00 0 
7f2108c00000-7f2108c01000 ---p 00000000 00:00 0 
7f2108c01000-7f2108c04000 ---p 00000000 00:00 0 
7f2108c04000-7f2108d05000 rw-p 00000000 00:00 0 
7f2108d05000-7f2108d06000 r--s 00000000 08:02 48497304                   /home/frost-5/.m2/repository/org/springframework/boot/spring-boot-starter-security/2.0.5.RELEASE/spring-boot-starter-security-2.0.5.RELEASE.jar
7f2108d06000-7f2108d11000 r--s 00069000 08:02 40633212                   /home/frost-5/.m2/repository/ch/qos/logback/logback-core/1.2.3/logback-core-1.2.3.jar
7f2108d11000-7f2108d17000 r--s 00041000 08:02 40633210                   /home/frost-5/.m2/repository/ch/qos/logback/logback-classic/1.2.3/logback-classic-1.2.3.jar
7f2108d17000-7f2108d18000 r--s 00000000 08:02 48498929                   /home/frost-5/.m2/repository/org/springframework/boot/spring-boot-starter-logging/2.0.5.RELEASE/spring-boot-starter-logging-2.0.5.RELEASE.jar
7f2108d18000-7f2108d19000 r--s 00000000 08:02 48498965                   /home/frost-5/.m2/repository/org/springframework/boot/spring-boot-starter/2.0.5.RELEASE/spring-boot-starter-2.0.5.RELEASE.jar
7f2108d19000-7f2108d1a000 r--s 00000000 08:02 48366472                   /home/frost-5/.m2/repository/org/springframework/boot/spring-boot-starter-actuator/2.0.5.RELEASE/spring-boot-starter-actuator-2.0.5.RELEASE.jar
7f2108d1a000-7f2108d22000 rw-s 00000000 08:02 15204892                   /tmp/hsperfdata_frost-5/425
7f2108d22000-7f2108d23000 rw-p 00000000 00:00 0 
7f2108d23000-7f2108d24000 ---p 00000000 00:00 0 
7f2108d24000-7f2108d25000 r--p 00027000 08:02 4198946                    /lib/x86_64-linux-gnu/ld-2.27.so
7f2108d25000-7f2108d26000 rw-p 00028000 08:02 4198946                    /lib/x86_64-linux-gnu/ld-2.27.so
7f2108d26000-7f2108d27000 rw-p 00000000 00:00 0 
7ffde5cd0000-7ffde5cf4000 rw-p 00000000 00:00 0                          [stack]
7ffde5d19000-7ffde5d1c000 r--p 00000000 00:00 0                          [vvar]
7ffde5d1c000-7ffde5d1e000 r-xp 00000000 00:00 0                          [vdso]
ffffffffff600000-ffffffffff601000 r-xp 00000000 00:00 0                  [vsyscall]

VM Arguments:
jvm_args: -Dcom.sun.management.jmxremote -Dcom.sun.management.jmxremote.port=45325 -Dcom.sun.management.jmxremote.authenticate=false -Dcom.sun.management.jmxremote.ssl=false -Djava.rmi.server.hostname=localhost -Dspring.liveBeansView.mbeanDomain -Dspring.application.admin.enabled=true -Djava.security.egd=file:/dev/./urandom -Xverify:none -XX:TieredStopAtLevel=1 -Dfile.encoding=UTF-8 
java_command: com.example.demo.config.AuthServiceApplication
java_class_path (initial): /home/frost-5/Desktop/microservices-app/auth-service/target/classes:/home/frost-5/.m2/repository/org/springframework/boot/spring-boot-starter-actuator/2.0.5.RELEASE/spring-boot-starter-actuator-2.0.5.RELEASE.jar:/home/frost-5/.m2/repository/org/springframework/boot/spring-boot-starter/2.0.5.RELEASE/spring-boot-starter-2.0.5.RELEASE.jar:/home/frost-5/.m2/repository/org/springframework/boot/spring-boot-starter-logging/2.0.5.RELEASE/spring-boot-starter-logging-2.0.5.RELEASE.jar:/home/frost-5/.m2/repository/ch/qos/logback/logback-classic/1.2.3/logback-classic-1.2.3.jar:/home/frost-5/.m2/repository/ch/qos/logback/logback-core/1.2.3/logback-core-1.2.3.jar:/home/frost-5/.m2/repository/org/apache/logging/log4j/log4j-to-slf4j/2.10.0/log4j-to-slf4j-2.10.0.jar:/home/frost-5/.m2/repository/org/apache/logging/log4j/log4j-api/2.10.0/log4j-api-2.10.0.jar:/home/frost-5/.m2/repository/org/slf4j/jul-to-slf4j/1.7.25/jul-to-slf4j-1.7.25.jar:/home/frost-5/.m2/repository/javax/annotation/javax.annotation-api/1.3.2/javax.annotation-api-1.3.2.jar:/home/frost-5/.m2/repository/org/yaml/snakeyaml/1.19/snakeyaml-1.19.jar:/home/frost-5/.m2/repository/org/springframework/boot/spring-boot-actuator-autoconfigure/2.0.5.RELEASE/spring-boot-actuator-autoconfigure-2.0.5.RELEASE.jar:/home/frost-5/.m2/repository/org/springframework/boot/spring-boot-actuator/2.0.5.RELEASE/spring-boot-actuator-2.0.5.RELEASE.jar:/home/frost-5/.m2/repository/org/springframework/spring-context/5.0.9.RELEASE/spring-context-5.0.9.RELEASE.jar:/home/frost-5/.m2/repository/com/fasterxml/jackson/datatype/jackson-datatype-jsr310/2.9.6/jackson-datatype-jsr310-2.9.6.jar:/home/frost-5/.m2/repository/io/micrometer/micrometer-core/1.0.6/micrometer-core-1.0.6.jar:/home/frost-5/.m2/repository/org/hdrhistogram/HdrHistogram/2.1.10/HdrHistogram-2.1.10.jar:/home/frost-5/.m2/repository/org/latencyutils/LatencyUtils/2.0.3/LatencyUtils-2.0.3.jar:/home/frost-5/.m2/repository/org/springframework/boot/spring-boot-starte
Launcher Type: SUN_STANDARD

Environment Variables:
JAVA_HOME=/usr/lib/jvm/java-8-oracle
PATH=/home/frost-5/.local/bin:/usr/local/sbin:/usr/local/bin:/usr/sbin:/usr/bin:/sbin:/bin:/usr/games:/usr/local/games:/snap/bin:/usr/lib/jvm/java-8-oracle/bin:/usr/lib/jvm/java-8-oracle/db/bin:/usr/lib/jvm/java-8-oracle/jre/bin
USERNAME=frost-5
SHELL=/bin/bash
DISPLAY=:0

Signal Handlers:
SIGSEGV: [libjvm.so+0xad2a40], sa_mask[0]=11111111011111111101111111111110, sa_flags=SA_RESTART|SA_SIGINFO
SIGBUS: [libjvm.so+0xad2a40], sa_mask[0]=11111111011111111101111111111110, sa_flags=SA_RESTART|SA_SIGINFO
SIGFPE: [libjvm.so+0x92a610], sa_mask[0]=11111111011111111101111111111110, sa_flags=SA_RESTART|SA_SIGINFO
SIGPIPE: [libjvm.so+0x92a610], sa_mask[0]=11111111011111111101111111111110, sa_flags=SA_RESTART|SA_SIGINFO
SIGXFSZ: [libjvm.so+0x92a610], sa_mask[0]=11111111011111111101111111111110, sa_flags=SA_RESTART|SA_SIGINFO
SIGILL: [libjvm.so+0x92a610], sa_mask[0]=11111111011111111101111111111110, sa_flags=SA_RESTART|SA_SIGINFO
SIGUSR1: SIG_DFL, sa_mask[0]=00000000000000000000000000000000, sa_flags=none
SIGUSR2: [libjvm.so+0x92be70], sa_mask[0]=00100000000000000000000000000000, sa_flags=SA_RESTART|SA_SIGINFO
SIGHUP: [libjvm.so+0x92d270], sa_mask[0]=11111111011111111101111111111110, sa_flags=SA_RESTART|SA_SIGINFO
SIGINT: [libjvm.so+0x92d270], sa_mask[0]=11111111011111111101111111111110, sa_flags=SA_RESTART|SA_SIGINFO
SIGTERM: [libjvm.so+0x92d270], sa_mask[0]=11111111011111111101111111111110, sa_flags=SA_RESTART|SA_SIGINFO
SIGQUIT: [libjvm.so+0x92d270], sa_mask[0]=11111111011111111101111111111110, sa_flags=SA_RESTART|SA_SIGINFO


---------------  S Y S T E M  ---------------

OS:DISTRIB_ID=Ubuntu
DISTRIB_RELEASE=18.04
DISTRIB_CODENAME=bionic
DISTRIB_DESCRIPTION="Ubuntu 18.04.1 LTS"

uname:Linux 4.15.0-36-generic #39-Ubuntu SMP Mon Sep 24 16:19:09 UTC 2018 x86_64
libc:glibc 2.27 NPTL 2.27 
rlimit: STACK 8192k, CORE 0k, NPROC 30894, NOFILE 4096, AS infinity
load average:3.58 3.19 2.55

/proc/meminfo:
MemTotal:        8055564 kB
MemFree:          131460 kB
MemAvailable:      36052 kB
Buffers:            1344 kB
Cached:           272864 kB
SwapCached:         4284 kB
Active:          4481012 kB
Inactive:         793028 kB
Active(anon):    4474840 kB
Inactive(anon):   780496 kB
Active(file):       6172 kB
Inactive(file):    12532 kB
Unevictable:     2234788 kB
Mlocked:         2234788 kB
SwapTotal:       2097148 kB
SwapFree:              0 kB
Dirty:               140 kB
Writeback:             0 kB
AnonPages:       7230968 kB
Mapped:            90536 kB
Shmem:            222684 kB
Slab:             201544 kB
SReclaimable:      70320 kB
SUnreclaim:       131224 kB
KernelStack:       21680 kB
PageTables:        96500 kB
NFS_Unstable:          0 kB
Bounce:                0 kB
WritebackTmp:          0 kB
CommitLimit:     6124928 kB
Committed_AS:   19462400 kB
VmallocTotal:   34359738367 kB
VmallocUsed:           0 kB
VmallocChunk:          0 kB
HardwareCorrupted:     0 kB
AnonHugePages:         0 kB
ShmemHugePages:        0 kB
ShmemPmdMapped:        0 kB
CmaTotal:              0 kB
CmaFree:               0 kB
HugePages_Total:       0
HugePages_Free:        0
HugePages_Rsvd:        0
HugePages_Surp:        0
Hugepagesize:       2048 kB
DirectMap4k:      426160 kB
DirectMap2M:     6801408 kB
DirectMap1G:     1048576 kB


CPU:total 4 (initial active 4) (2 cores per cpu, 2 threads per core) family 6 model 142 stepping 9, cmov, cx8, fxsr, mmx, sse, sse2, sse3, ssse3, sse4.1, sse4.2, popcnt, avx, avx2, aes, clmul, erms, 3dnowpref, lzcnt, ht, tsc, tscinvbit, bmi1, bmi2, adx

/proc/cpuinfo:
processor	: 0
vendor_id	: GenuineIntel
cpu family	: 6
model		: 142
model name	: Intel(R) Core(TM) i3-7130U CPU @ 2.70GHz
stepping	: 9
microcode	: 0x8e
cpu MHz		: 781.826
cache size	: 3072 KB
physical id	: 0
siblings	: 4
core id		: 0
cpu cores	: 2
apicid		: 0
initial apicid	: 0
fpu		: yes
fpu_exception	: yes
cpuid level	: 22
wp		: yes
flags		: fpu vme de pse tsc msr pae mce cx8 apic sep mtrr pge mca cmov pat pse36 clflush dts acpi mmx fxsr sse sse2 ss ht tm pbe syscall nx pdpe1gb rdtscp lm constant_tsc art arch_perfmon pebs bts rep_good nopl xtopology nonstop_tsc cpuid aperfmperf tsc_known_freq pni pclmulqdq dtes64 monitor ds_cpl vmx est tm2 ssse3 sdbg fma cx16 xtpr pdcm pcid sse4_1 sse4_2 x2apic movbe popcnt tsc_deadline_timer aes xsave avx f16c rdrand lahf_lm abm 3dnowprefetch cpuid_fault invpcid_single pti ssbd ibrs ibpb stibp tpr_shadow vnmi flexpriority ept vpid fsgsbase tsc_adjust bmi1 avx2 smep bmi2 erms invpcid mpx rdseed adx smap clflushopt intel_pt xsaveopt xsavec xgetbv1 xsaves dtherm arat pln pts hwp hwp_notify hwp_act_window hwp_epp flush_l1d
bugs		: cpu_meltdown spectre_v1 spectre_v2 spec_store_bypass l1tf
bogomips	: 5424.00
clflush size	: 64
cache_alignment	: 64
address sizes	: 39 bits physical, 48 bits virtual
power management:

processor	: 1
vendor_id	: GenuineIntel
cpu family	: 6
model		: 142
model name	: Intel(R) Core(TM) i3-7130U CPU @ 2.70GHz
stepping	: 9
microcode	: 0x8e
cpu MHz		: 800.048
cache size	: 3072 KB
physical id	: 0
siblings	: 4
core id		: 1
cpu cores	: 2
apicid		: 2
initial apicid	: 2
fpu		: yes
fpu_exception	: yes
cpuid level	: 22
wp		: yes
flags		: fpu vme de pse tsc msr pae mce cx8 apic sep mtrr pge mca cmov pat pse36 clflush dts acpi mmx fxsr sse sse2 ss ht tm pbe syscall nx pdpe1gb rdtscp lm constant_tsc art arch_perfmon pebs bts rep_good nopl xtopology nonstop_tsc cpuid aperfmperf tsc_known_freq pni pclmulqdq dtes64 monitor ds_cpl vmx est tm2 ssse3 sdbg fma cx16 xtpr pdcm pcid sse4_1 sse4_2 x2apic movbe popcnt tsc_deadline_timer aes xsave avx f16c rdrand lahf_lm abm 3dnowprefetch cpuid_fault invpcid_single pti ssbd ibrs ibpb stibp tpr_shadow vnmi flexpriority ept vpid fsgsbase tsc_adjust bmi1 avx2 smep bmi2 erms invpcid mpx rdseed adx smap clflushopt intel_pt xsaveopt xsavec xgetbv1 xsaves dtherm arat pln pts hwp hwp_notify hwp_act_window hwp_epp flush_l1d
bugs		: cpu_meltdown spectre_v1 spectre_v2 spec_store_bypass l1tf
bogomips	: 5424.00
clflush size	: 64
cache_alignment	: 64
address sizes	: 39 bits physical, 48 bits virtual
power management:

processor	: 2
vendor_id	: GenuineIntel
cpu family	: 6
model		: 142
model name	: Intel(R) Core(TM) i3-7130U CPU @ 2.70GHz
stepping	: 9
microcode	: 0x8e
cpu MHz		: 722.463
cache size	: 3072 KB
physical id	: 0
siblings	: 4
core id		: 0
cpu cores	: 2
apicid		: 1
initial apicid	: 1
fpu		: yes
fpu_exception	: yes
cpuid level	: 22
wp		: yes
flags		: fpu vme de pse tsc msr pae mce cx8 apic sep mtrr pge mca cmov pat pse36 clflush dts acpi mmx fxsr sse sse2 ss ht tm pbe syscall nx pdpe1gb rdtscp lm constant_tsc art arch_perfmon pebs bts rep_good nopl xtopology nonstop_tsc cpuid aperfmperf tsc_known_freq pni pclmulqdq dtes64 monitor ds_cpl vmx est tm2 ssse3 sdbg fma cx16 xtpr pdcm pcid sse4_1 sse4_2 x2apic movbe popcnt tsc_deadline_timer aes xsave avx f16c rdrand lahf_lm abm 3dnowprefetch cpuid_fault invpcid_single pti ssbd ibrs ibpb stibp tpr_shadow vnmi flexpriority ept vpid fsgsbase tsc_adjust bmi1 avx2 smep bmi2 erms invpcid mpx rdseed adx smap clflushopt intel_pt xsaveopt xsavec xgetbv1 xsaves dtherm arat pln pts hwp hwp_notify hwp_act_window hwp_epp flush_l1d
bugs		: cpu_meltdown spectre_v1 spectre_v2 spec_store_bypass l1tf
bogomips	: 5424.00
clflush size	: 64
cache_alignment	: 64
address sizes	: 39 bits physical, 48 bits virtual
power management:

processor	: 3
vendor_id	: GenuineIntel
cpu family	: 6
model		: 142
model name	: Intel(R) Core(TM) i3-7130U CPU @ 2.70GHz
stepping	: 9
microcode	: 0x8e
cpu MHz		: 789.833
cache size	: 3072 KB
physical id	: 0
siblings	: 4
core id		: 1
cpu cores	: 2
apicid		: 3
initial apicid	: 3
fpu		: yes
fpu_exception	: yes
cpuid level	: 22
wp		: yes
flags		: fpu vme de pse tsc msr pae mce cx8 apic sep mtrr pge mca cmov pat pse36 clflush dts acpi mmx fxsr sse sse2 ss ht tm pbe syscall nx pdpe1gb rdtscp lm constant_tsc art arch_perfmon pebs bts rep_good nopl xtopology nonstop_tsc cpuid aperfmperf tsc_known_freq pni pclmulqdq dtes64 monitor ds_cpl vmx est tm2 ssse3 sdbg fma cx16 xtpr pdcm pcid sse4_1 sse4_2 x2apic movbe popcnt tsc_deadline_timer aes xsave avx f16c rdrand lahf_lm abm 3dnowprefetch cpuid_fault invpcid_single pti ssbd ibrs ibpb stibp tpr_shadow vnmi flexpriority ept vpid fsgsbase tsc_adjust bmi1 avx2 smep bmi2 erms invpcid mpx rdseed adx smap clflushopt intel_pt xsaveopt xsavec xgetbv1 xsaves dtherm arat pln pts hwp hwp_notify hwp_act_window hwp_epp flush_l1d
bugs		: cpu_meltdown spectre_v1 spectre_v2 spec_store_bypass l1tf
bogomips	: 5424.00
clflush size	: 64
cache_alignment	: 64
address sizes	: 39 bits physical, 48 bits virtual
power management:



Memory: 4k page, physical 8055564k(130984k free), swap 2097148k(0k free)

vm_info: Java HotSpot(TM) 64-Bit Server VM (25.181-b13) for linux-amd64 JRE (1.8.0_181-b13), built on Jul  7 2018 00:56:38 by "java_re" with gcc 4.3.0 20080428 (Red Hat 4.3.0-8)

time: Tue Oct  9 16:09:36 2018
elapsed time: 43 seconds (0d 0h 0m 43s)

